<?xml version="1.0" encoding="UTF-8"?>
<!-- Generated by org.testng.reporters.JUnitXMLReporter -->
<testsuite ignored="2" hostname="Dell-nehatiwari" failures="0"
	tests="1" name="Login to the Browser" time="27.592" errors="0"
	timestamp="22 Aug 2020 22:22:43 GMT">
	<testcase classname="com.trifacta.scripts.Home" name="TC_01"
		time="12.232" />
	<testcase classname="com.trifacta.scripts.BaseTest"
		name="@BeforeSuite beforeSuite" time="0.0">
		<ignored />
	</testcase> <!-- @BeforeSuite beforeSuite -->
	<testcase classname="com.trifacta.scripts.BaseTest"
		name="@AfterSuite afterSuite" time="0.0">
		<ignored />
	</testcase> <!-- @AfterSuite afterSuite -->
</testsuite> <!-- Login to the Browser -->
