<?xml version="1.0" encoding="UTF-8"?>
<!-- Generated by org.testng.reporters.JUnitXMLReporter -->
<testsuite ignored="0" hostname="Dell-nehatiwari" failures="0" tests="2" name="Login to Browser, display Product version and Logout" time="45.897" errors="0" timestamp="25 Aug 2020 20:46:02 GMT">
  <testcase classname="com.trifacta.scripts.Home" name="TC_02" time="30.97"/>
  <testcase classname="com.trifacta.scripts.Home" name="TC_01" time="39.001"/>
</testsuite> <!-- Login to Browser, display Product version and Logout -->
