<?xml version="1.0" encoding="UTF-8"?>
<testng-results skipped="0" failed="0" total="2" passed="2">
  <reporter-output>
  </reporter-output>
  <suite name="Suite" duration-ms="60810" started-at="2020-08-26T18:58:53Z" finished-at="2020-08-26T18:59:54Z">
    <groups>
    </groups>
    <test name="Login to Browser, display Product version" duration-ms="60810" started-at="2020-08-26T18:58:53Z" finished-at="2020-08-26T18:59:54Z">
      <class name="com.trifacta.scripts.Home">
        <test-method status="PASS" signature="beforeSuite()[pri:0, instance:com.trifacta.scripts.Home@7b1a30e5]" name="beforeSuite" is-config="true" duration-ms="20116" started-at="2020-08-27T00:28:33Z" finished-at="2020-08-27T00:28:53Z">
          <reporter-output>
          </reporter-output>
        </test-method> <!-- beforeSuite -->
        <test-method status="PASS" signature="setup()[pri:0, instance:com.trifacta.scripts.Home@7b1a30e5]" name="setup" is-config="true" duration-ms="60726" started-at="2020-08-27T00:28:53Z" finished-at="2020-08-27T00:29:54Z">
          <reporter-output>
          </reporter-output>
        </test-method> <!-- setup -->
        <test-method status="PASS" signature="setup()[pri:0, instance:com.trifacta.scripts.Home@7b1a30e5]" name="setup" is-config="true" duration-ms="60714" started-at="2020-08-27T00:28:53Z" finished-at="2020-08-27T00:29:54Z">
          <reporter-output>
          </reporter-output>
        </test-method> <!-- setup -->
        <test-method status="PASS" signature="TC_02(java.util.Hashtable)[pri:0, instance:com.trifacta.scripts.Home@7b1a30e5]" name="TC_02" duration-ms="46" started-at="2020-08-27T00:29:54Z" description="Display Product Version1" finished-at="2020-08-27T00:29:54Z">
          <params>
            <param index="0">
              <value>
                <![CDATA[{password=Test.12345 , TestCaseName=TC_02, username=nehat181@gmail.com, Url=https://cloud.trifacta.com/sign-in }]]>
              </value>
            </param>
          </params>
          <reporter-output>
          </reporter-output>
        </test-method> <!-- TC_02 -->
        <test-method status="PASS" signature="TC_01(java.util.Hashtable)[pri:0, instance:com.trifacta.scripts.Home@7b1a30e5]" name="TC_01" duration-ms="34" started-at="2020-08-27T00:29:54Z" description="Display Product Version" finished-at="2020-08-27T00:29:54Z">
          <params>
            <param index="0">
              <value>
                <![CDATA[{password=Test.12345 , TestCaseName=TC_01, username=nehat181@gmail.com, Url=https://cloud.trifacta.com/sign-in }]]>
              </value>
            </param>
          </params>
          <reporter-output>
          </reporter-output>
        </test-method> <!-- TC_01 -->
        <test-method status="FAIL" signature="closeSession()[pri:0, instance:com.trifacta.scripts.Home@7b1a30e5]" name="closeSession" is-config="true" duration-ms="0" started-at="2020-08-27T00:29:54Z" finished-at="2020-08-27T00:29:54Z">
          <exception class="java.lang.NullPointerException">
            <full-stacktrace>
              <![CDATA[java.lang.NullPointerException
	at com.trifacta.scripts.BaseTest.closeSession(BaseTest.java:30)
	at sun.reflect.NativeMethodAccessorImpl.invoke0(Native Method)
	at sun.reflect.NativeMethodAccessorImpl.invoke(NativeMethodAccessorImpl.java:62)
	at sun.reflect.DelegatingMethodAccessorImpl.invoke(DelegatingMethodAccessorImpl.java:43)
	at java.lang.reflect.Method.invoke(Method.java:498)
	at org.testng.internal.MethodInvocationHelper.invokeMethod(MethodInvocationHelper.java:80)
	at org.testng.internal.Invoker.invokeConfigurationMethod(Invoker.java:564)
	at org.testng.internal.Invoker.invokeConfigurations(Invoker.java:213)
	at org.testng.internal.Invoker.invokeMethod(Invoker.java:786)
	at org.testng.internal.Invoker.invokeTestMethod(Invoker.java:901)
	at org.testng.internal.Invoker.invokeTestMethods(Invoker.java:1231)
	at org.testng.internal.TestMethodWorker.invokeTestMethods(TestMethodWorker.java:127)
	at org.testng.internal.TestMethodWorker.run(TestMethodWorker.java:111)
	at java.util.concurrent.ThreadPoolExecutor.runWorker(ThreadPoolExecutor.java:1149)
	at java.util.concurrent.ThreadPoolExecutor$Worker.run(ThreadPoolExecutor.java:624)
	at java.lang.Thread.run(Thread.java:748)
]]>
            </full-stacktrace>
          </exception> <!-- java.lang.NullPointerException -->
          <reporter-output>
          </reporter-output>
        </test-method> <!-- closeSession -->
        <test-method status="FAIL" signature="closeSession()[pri:0, instance:com.trifacta.scripts.Home@7b1a30e5]" name="closeSession" is-config="true" duration-ms="0" started-at="2020-08-27T00:29:54Z" finished-at="2020-08-27T00:29:54Z">
          <exception class="java.lang.NullPointerException">
            <full-stacktrace>
              <![CDATA[java.lang.NullPointerException
	at com.trifacta.scripts.BaseTest.closeSession(BaseTest.java:30)
	at sun.reflect.NativeMethodAccessorImpl.invoke0(Native Method)
	at sun.reflect.NativeMethodAccessorImpl.invoke(NativeMethodAccessorImpl.java:62)
	at sun.reflect.DelegatingMethodAccessorImpl.invoke(DelegatingMethodAccessorImpl.java:43)
	at java.lang.reflect.Method.invoke(Method.java:498)
	at org.testng.internal.MethodInvocationHelper.invokeMethod(MethodInvocationHelper.java:80)
	at org.testng.internal.Invoker.invokeConfigurationMethod(Invoker.java:564)
	at org.testng.internal.Invoker.invokeConfigurations(Invoker.java:213)
	at org.testng.internal.Invoker.invokeMethod(Invoker.java:786)
	at org.testng.internal.Invoker.invokeTestMethod(Invoker.java:901)
	at org.testng.internal.Invoker.invokeTestMethods(Invoker.java:1231)
	at org.testng.internal.TestMethodWorker.invokeTestMethods(TestMethodWorker.java:127)
	at org.testng.internal.TestMethodWorker.run(TestMethodWorker.java:111)
	at java.util.concurrent.ThreadPoolExecutor.runWorker(ThreadPoolExecutor.java:1149)
	at java.util.concurrent.ThreadPoolExecutor$Worker.run(ThreadPoolExecutor.java:624)
	at java.lang.Thread.run(Thread.java:748)
]]>
            </full-stacktrace>
          </exception> <!-- java.lang.NullPointerException -->
          <reporter-output>
          </reporter-output>
        </test-method> <!-- closeSession -->
        <test-method status="SKIP" signature="afterSuite()[pri:0, instance:com.trifacta.scripts.Home@7b1a30e5]" name="afterSuite" is-config="true" duration-ms="0" started-at="2020-08-27T00:29:54Z" finished-at="2020-08-27T00:29:54Z">
          <reporter-output>
          </reporter-output>
        </test-method> <!-- afterSuite -->
      </class> <!-- com.trifacta.scripts.Home -->
    </test> <!-- Login to Browser, display Product version -->
  </suite> <!-- Suite -->
</testng-results>
