<?xml version="1.0" encoding="UTF-8"?>
<!-- Generated by org.testng.reporters.JUnitXMLReporter -->
<testsuite hostname="Dell-nehatiwari" failures="2" tests="2" name="Login to Browser, display Product version and Logout" time="52.734" errors="0" timestamp="25 Aug 2020 19:55:09 GMT">
  <testcase classname="com.trifacta.scripts.Home" name="TC_02" time="39.88">
    <failure type="java.lang.AssertionError" message="The following asserts failed:
null">
      <![CDATA[java.lang.AssertionError: The following asserts failed:
null
	at com.trifacta.utils.Assertion.assertAll(Assertion.java:17)
	at com.trifacta.scripts.Home.TC_02(Home.java:52)
	at java.base/java.util.concurrent.ThreadPoolExecutor.runWorker(ThreadPoolExecutor.java:1130)
	at java.base/java.util.concurrent.ThreadPoolExecutor$Worker.run(ThreadPoolExecutor.java:630)
	at java.base/java.lang.Thread.run(Thread.java:832)
... Removed 11 stack frames]]>
    </failure>
  </testcase> <!-- TC_02 -->
  <testcase classname="com.trifacta.scripts.Home" name="TC_01" time="38.595">
    <failure type="java.lang.AssertionError" message="The following asserts failed:
null">
      <![CDATA[java.lang.AssertionError: The following asserts failed:
null
	at com.trifacta.utils.Assertion.assertAll(Assertion.java:17)
	at com.trifacta.scripts.Home.TC_01(Home.java:29)
	at java.base/java.util.concurrent.ThreadPoolExecutor.runWorker(ThreadPoolExecutor.java:1130)
	at java.base/java.util.concurrent.ThreadPoolExecutor$Worker.run(ThreadPoolExecutor.java:630)
	at java.base/java.lang.Thread.run(Thread.java:832)
... Removed 11 stack frames]]>
    </failure>
  </testcase> <!-- TC_01 -->
</testsuite> <!-- Login to Browser, display Product version and Logout -->
