<?xml version="1.0" encoding="UTF-8"?>
<testng-results ignored="0" total="2" passed="2" failed="0" skipped="0">
  <reporter-output>
  </reporter-output>
  <suite started-at="2020-08-25T20:45:16Z" name="Suite" finished-at="2020-08-25T20:46:02Z" duration-ms="45897">
    <groups>
    </groups>
    <test started-at="2020-08-25T20:45:16Z" name="Login to Browser, display Product version and Logout" finished-at="2020-08-25T20:46:02Z" duration-ms="45897">
      <class name="com.trifacta.scripts.Home">
        <test-method is-config="true" signature="beforeSuite()[pri:0, instance:com.trifacta.scripts.Home@5b1f29fa]" started-at="2020-08-25T20:44:56Z" name="beforeSuite" finished-at="2020-08-25T20:45:16Z" duration-ms="20135" status="PASS">
          <reporter-output>
          </reporter-output>
        </test-method> <!-- beforeSuite -->
        <test-method is-config="true" signature="setup()[pri:0, instance:com.trifacta.scripts.Home@5b1f29fa]" started-at="2020-08-25T20:45:16Z" name="setup" finished-at="2020-08-25T20:45:23Z" duration-ms="6719" status="PASS">
          <reporter-output>
          </reporter-output>
        </test-method> <!-- setup -->
        <test-method is-config="true" signature="setup()[pri:0, instance:com.trifacta.scripts.Home@5b1f29fa]" started-at="2020-08-25T20:45:16Z" name="setup" finished-at="2020-08-25T20:45:26Z" duration-ms="10274" status="PASS">
          <reporter-output>
          </reporter-output>
        </test-method> <!-- setup -->
        <test-method signature="TC_01(java.util.Hashtable)[pri:0, instance:com.trifacta.scripts.Home@5b1f29fa]" started-at="2020-08-25T20:45:23Z" name="TC_01" description="Display Product Version" finished-at="2020-08-25T20:46:02Z" duration-ms="39001" status="PASS">
          <params>
            <param index="0">
              <value>
                <![CDATA[{password=Test.12345 , TestCaseName=TC_01, username=nehat181@gmail.com, Url=https://cloud.trifacta.com/sign-in }]]>
              </value>
            </param>
          </params>
          <reporter-output>
          </reporter-output>
        </test-method> <!-- TC_01 -->
        <test-method signature="TC_02(java.util.Hashtable)[pri:0, instance:com.trifacta.scripts.Home@5b1f29fa]" started-at="2020-08-25T20:45:26Z" name="TC_02" description="Display Product Version1" finished-at="2020-08-25T20:45:57Z" duration-ms="30970" status="PASS">
          <params>
            <param index="0">
              <value>
                <![CDATA[{password=Test.12345 , TestCaseName=TC_02, username=nehat181@gmail.com, Url=https://cloud.trifacta.com/sign-in }]]>
              </value>
            </param>
          </params>
          <reporter-output>
          </reporter-output>
        </test-method> <!-- TC_02 -->
        <test-method is-config="true" signature="closeSession()[pri:0, instance:com.trifacta.scripts.Home@5b1f29fa]" started-at="2020-08-25T20:45:57Z" name="closeSession" finished-at="2020-08-25T20:45:57Z" duration-ms="164" status="PASS">
          <reporter-output>
          </reporter-output>
        </test-method> <!-- closeSession -->
        <test-method is-config="true" signature="closeSession()[pri:0, instance:com.trifacta.scripts.Home@5b1f29fa]" started-at="2020-08-25T20:46:02Z" name="closeSession" finished-at="2020-08-25T20:46:02Z" duration-ms="123" status="PASS">
          <reporter-output>
          </reporter-output>
        </test-method> <!-- closeSession -->
        <test-method is-config="true" signature="afterSuite()[pri:0, instance:com.trifacta.scripts.Home@5b1f29fa]" started-at="2020-08-25T20:46:02Z" name="afterSuite" finished-at="2020-08-25T20:46:22Z" duration-ms="20172" status="PASS">
          <reporter-output>
          </reporter-output>
        </test-method> <!-- afterSuite -->
      </class> <!-- com.trifacta.scripts.Home -->
    </test> <!-- Login to Browser, display Product version and Logout -->
  </suite> <!-- Suite -->
</testng-results>
